# JRE version: OpenJDK Runtime Environment (8.0_152-b01) (build 1.8.0_152-release-915-b01)
# Java VM: OpenJDK 64-Bit Server VM (25.152-b01 mixed mode linux-amd64 compressed oops)
Heap:
 PSYoungGen      total 370176K, used 1331K [0x00000000e0000000, 0x00000000ff080000, 0x0000000100000000)
  eden space 252928K, 0% used [0x00000000e0000000,0x00000000e0000000,0x00000000ef700000)
  from space 117248K, 1% used [0x00000000ef700000,0x00000000ef84cfd8,0x00000000f6980000)
  to   space 112128K, 0% used [0x00000000f8300000,0x00000000f8300000,0x00000000ff080000)
 ParOldGen       total 110080K, used 109625K [0x00000000a0000000, 0x00000000a6b80000, 0x00000000e0000000)
  object space 110080K, 99% used [0x00000000a0000000,0x00000000a6b0e418,0x00000000a6b80000)
 Metaspace       used 127222K, capacity 139840K, committed 141272K, reserved 1171456K
  class space    used 15980K, capacity 18896K, committed 19200K, reserved 1048576K
GC Heap History (10 events):
Event: 16413.990 GC heap after
Heap after GC invocations=81 (full 4):
 PSYoungGen      total 317952K, used 58451K [0x00000000e0000000, 0x00000000fac80000, 0x0000000100000000)
  eden space 227840K, 0% used [0x00000000e0000000,0x00000000e0000000,0x00000000ede80000)
  from space 90112K, 64% used [0x00000000ede80000,0x00000000f1794f58,0x00000000f3680000)
  to   space 93184K, 0% used [0x00000000f5180000,0x00000000f5180000,0x00000000fac80000)
 ParOldGen       total 110080K, used 67892K [0x00000000a0000000, 0x00000000a6b80000, 0x00000000e0000000)
  object space 110080K, 61% used [0x00000000a0000000,0x00000000a424d0e8,0x00000000a6b80000)
 Metaspace       used 123192K, capacity 135782K, committed 136024K, reserved 1167360K
  class space    used 15609K, capacity 18473K, committed 18560K, reserved 1048576K
}
Event: 16467.864 GC heap before
{Heap before GC invocations=82 (full 4):
 PSYoungGen      total 317952K, used 286291K [0x00000000e0000000, 0x00000000fac80000, 0x0000000100000000)
  eden space 227840K, 100% used [0x00000000e0000000,0x00000000ede80000,0x00000000ede80000)
  from space 90112K, 64% used [0x00000000ede80000,0x00000000f1794f58,0x00000000f3680000)
  to   space 93184K, 0% used [0x00000000f5180000,0x00000000f5180000,0x00000000fac80000)
 ParOldGen       total 110080K, used 67892K [0x00000000a0000000, 0x00000000a6b80000, 0x00000000e0000000)
  object space 110080K, 61% used [0x00000000a0000000,0x00000000a424d0e8,0x00000000a6b80000)
 Metaspace       used 123462K, capacity 136292K, committed 136408K, reserved 1167360K
  class space    used 15636K, capacity 18572K, committed 18688K, reserved 1048576K
Event: 16467.937 GC heap after
Heap after GC invocations=82 (full 4):
 PSYoungGen      total 342016K, used 62446K [0x00000000e0000000, 0x00000000fb080000, 0x0000000100000000)
  eden space 248832K, 0% used [0x00000000e0000000,0x00000000e0000000,0x00000000ef300000)
  from space 93184K, 67% used [0x00000000f5180000,0x00000000f8e7b900,0x00000000fac80000)
  to   space 96768K, 0% used [0x00000000ef300000,0x00000000ef300000,0x00000000f5180000)
 ParOldGen       total 110080K, used 76671K [0x00000000a0000000, 0x00000000a6b80000, 0x00000000e0000000)
  object space 110080K, 69% used [0x00000000a0000000,0x00000000a4adff88,0x00000000a6b80000)
 Metaspace       used 123462K, capacity 136292K, committed 136408K, reserved 1167360K
  class space    used 15636K, capacity 18572K, committed 18688K, reserved 1048576K
}
Event: 16668.543 GC heap before
{Heap before GC invocations=83 (full 4):
 PSYoungGen      total 342016K, used 311278K [0x00000000e0000000, 0x00000000fb080000, 0x0000000100000000)
  eden space 248832K, 100% used [0x00000000e0000000,0x00000000ef300000,0x00000000ef300000)
  from space 93184K, 67% used [0x00000000f5180000,0x00000000f8e7b900,0x00000000fac80000)
  to   space 96768K, 0% used [0x00000000ef300000,0x00000000ef300000,0x00000000f5180000)
 ParOldGen       total 110080K, used 76671K [0x00000000a0000000, 0x00000000a6b80000, 0x00000000e0000000)
  object space 110080K, 69% used [0x00000000a0000000,0x00000000a4adff88,0x00000000a6b80000)
 Metaspace       used 123910K, capacity 136948K, committed 137176K, reserved 1167360K
  class space    used 15690K, capacity 18678K, committed 18688K, reserved 1048576K
Event: 16668.607 GC heap after
Heap after GC invocations=83 (full 4):
 PSYoungGen      total 345600K, used 66472K [0x00000000e0000000, 0x00000000fcc00000, 0x0000000100000000)
  eden space 248832K, 0% used [0x00000000e0000000,0x00000000e0000000,0x00000000ef300000)
  from space 96768K, 68% used [0x00000000ef300000,0x00000000f33ea0e0,0x00000000f5180000)
  to   space 100864K, 0% used [0x00000000f6980000,0x00000000f6980000,0x00000000fcc00000)
 ParOldGen       total 110080K, used 76679K [0x00000000a0000000, 0x00000000a6b80000, 0x00000000e0000000)
  object space 110080K, 69% used [0x00000000a0000000,0x00000000a4ae1f88,0x00000000a6b80000)
 Metaspace       used 123910K, capacity 136948K, committed 137176K, reserved 1167360K
  class space    used 15690K, capacity 18678K, committed 18688K, reserved 1048576K
}
Event: 16672.704 GC heap before
{Heap before GC invocations=84 (full 4):
 PSYoungGen      total 345600K, used 315304K [0x00000000e0000000, 0x00000000fcc00000, 0x0000000100000000)
  eden space 248832K, 100% used [0x00000000e0000000,0x00000000ef300000,0x00000000ef300000)
  from space 96768K, 68% used [0x00000000ef300000,0x00000000f33ea0e0,0x00000000f5180000)
  to   space 100864K, 0% used [0x00000000f6980000,0x00000000f6980000,0x00000000fcc00000)
 ParOldGen       total 110080K, used 76679K [0x00000000a0000000, 0x00000000a6b80000, 0x00000000e0000000)
  object space 110080K, 69% used [0x00000000a0000000,0x00000000a4ae1f88,0x00000000a6b80000)
 Metaspace       used 127404K, capacity 140546K, committed 140888K, reserved 1171456K
  class space    used 16037K, capacity 19041K, committed 19072K, reserved 1048576K
Event: 16672.819 GC heap after
Heap after GC invocations=84 (full 4):
 PSYoungGen      total 353792K, used 100843K [0x00000000e0000000, 0x00000000ff200000, 0x0000000100000000)
  eden space 252928K, 0% used [0x00000000e0000000,0x00000000e0000000,0x00000000ef700000)
  from space 100864K, 99% used [0x00000000f6980000,0x00000000fcbfacd0,0x00000000fcc00000)
  to   space 117248K, 0% used [0x00000000ef700000,0x00000000ef700000,0x00000000f6980000)
 ParOldGen       total 110080K, used 78985K [0x00000000a0000000, 0x00000000a6b80000, 0x00000000e0000000)
  object space 110080K, 71% used [0x00000000a0000000,0x00000000a4d224c8,0x00000000a6b80000)
 Metaspace       used 127404K, capacity 140546K, committed 140888K, reserved 1171456K
  class space    used 16037K, capacity 19041K, committed 19072K, reserved 1048576K
}
Event: 16674.637 GC heap before
{Heap before GC invocations=85 (full 4):
 PSYoungGen      total 353792K, used 353771K [0x00000000e0000000, 0x00000000ff200000, 0x0000000100000000)
  eden space 252928K, 100% used [0x00000000e0000000,0x00000000ef700000,0x00000000ef700000)
  from space 100864K, 99% used [0x00000000f6980000,0x00000000fcbfacd0,0x00000000fcc00000)
  to   space 117248K, 0% used [0x00000000ef700000,0x00000000ef700000,0x00000000f6980000)
 ParOldGen       total 110080K, used 78985K [0x00000000a0000000, 0x00000000a6b80000, 0x00000000e0000000)
  object space 110080K, 71% used [0x00000000a0000000,0x00000000a4d224c8,0x00000000a6b80000)
 Metaspace       used 127965K, capacity 141184K, committed 141272K, reserved 1171456K
  class space    used 16113K, capacity 19148K, committed 19200K, reserved 1048576K
Event: 16674.703 GC heap after
Heap after GC invocations=85 (full 4):
 PSYoungGen      total 370176K, used 37741K [0x00000000e0000000, 0x00000000ff080000, 0x0000000100000000)
  eden space 252928K, 0% used [0x00000000e0000000,0x00000000e0000000,0x00000000ef700000)
  from space 117248K, 32% used [0x00000000ef700000,0x00000000f1bdb778,0x00000000f6980000)
  to   space 112128K, 0% used [0x00000000f8300000,0x00000000f8300000,0x00000000ff080000)
 ParOldGen       total 110080K, used 104987K [0x00000000a0000000, 0x00000000a6b80000, 0x00000000e0000000)
  object space 110080K, 95% used [0x00000000a0000000,0x00000000a6686d00,0x00000000a6b80000)
 Metaspace       used 127965K, capacity 141184K, committed 141272K, reserved 1171456K
  class space    used 16113K, capacity 19148K, committed 19200K, reserved 1048576K
}
Event: 16674.799 GC heap before
{Heap before GC invocations=86 (full 5):
 PSYoungGen      total 370176K, used 37741K [0x00000000e0000000, 0x00000000ff080000, 0x0000000100000000)
  eden space 252928K, 0% used [0x00000000e0000000,0x00000000e0000000,0x00000000ef700000)
  from space 117248K, 32% used [0x00000000ef700000,0x00000000f1bdb778,0x00000000f6980000)
  to   space 112128K, 0% used [0x00000000f8300000,0x00000000f8300000,0x00000000ff080000)
 ParOldGen       total 110080K, used 104987K [0x00000000a0000000, 0x00000000a6b80000, 0x00000000e0000000)
  object space 110080K, 95% used [0x00000000a0000000,0x00000000a6686d00,0x00000000a6b80000)
 Metaspace       used 127965K, capacity 141184K, committed 141272K, reserved 1171456K
  class space    used 16113K, capacity 19148K, committed 19200K, reserved 1048576K

